TN:
SF:/Users/sholto/Desktop/Self-lEarn-Zokyo/First-Flights/2024-12-christmas-dinner/lib/forge-std/src/Base.sol
DA:1,0
DA:9,0
end_of_record

SF:/Users/sholto/Desktop/Self-lEarn-Zokyo/First-Flights/2024-12-christmas-dinner/lib/forge-std/src/StdAssertions.sol
DA:8,0
DA:38,0
DA:39,0
DA:40,0
DA:42,0
DA:67,0
DA:68,0
DA:75,0
DA:76,0
DA:107,0
DA:108,0
end_of_record

SF:/Users/sholto/Desktop/Self-lEarn-Zokyo/First-Flights/2024-12-christmas-dinner/lib/forge-std/src/StdChains.sol
DA:66,0
end_of_record

SF:/Users/sholto/Desktop/Self-lEarn-Zokyo/First-Flights/2024-12-christmas-dinner/lib/forge-std/src/StdCheats.sol
DA:544,0
DA:545,0
DA:546,0
DA:547,0
DA:551,0
DA:552,0
end_of_record

SF:/Users/sholto/Desktop/Self-lEarn-Zokyo/First-Flights/2024-12-christmas-dinner/lib/forge-std/src/StdError.sol
DA:5,0
DA:6,0
DA:7,0
DA:8,0
DA:9,0
DA:10,0
DA:11,0
DA:12,0
DA:13,0
DA:14,0
end_of_record

SF:/Users/sholto/Desktop/Self-lEarn-Zokyo/First-Flights/2024-12-christmas-dinner/lib/forge-std/src/StdInvariant.sol
DA:83,0
DA:84,0
DA:87,0
DA:88,0
DA:91,0
DA:92,0
DA:95,0
DA:96,0
DA:99,0
DA:100,0
DA:103,0
DA:104,0
DA:107,0
DA:108,0
DA:111,0
DA:112,0
DA:115,0
DA:116,0
DA:119,0
DA:120,0
end_of_record

SF:/Users/sholto/Desktop/Self-lEarn-Zokyo/First-Flights/2024-12-christmas-dinner/lib/forge-std/src/StdJson.sol
DA:25,0
end_of_record

SF:/Users/sholto/Desktop/Self-lEarn-Zokyo/First-Flights/2024-12-christmas-dinner/lib/forge-std/src/StdMath.sol
DA:4,0
end_of_record

SF:/Users/sholto/Desktop/Self-lEarn-Zokyo/First-Flights/2024-12-christmas-dinner/lib/forge-std/src/StdStorage.sol
DA:24,0
DA:334,0
end_of_record

SF:/Users/sholto/Desktop/Self-lEarn-Zokyo/First-Flights/2024-12-christmas-dinner/lib/forge-std/src/StdStyle.sol
DA:6,0
end_of_record

SF:/Users/sholto/Desktop/Self-lEarn-Zokyo/First-Flights/2024-12-christmas-dinner/lib/forge-std/src/StdToml.sol
DA:25,0
end_of_record

SF:/Users/sholto/Desktop/Self-lEarn-Zokyo/First-Flights/2024-12-christmas-dinner/lib/forge-std/src/StdUtils.sol
end_of_record

SF:/Users/sholto/Desktop/Self-lEarn-Zokyo/First-Flights/2024-12-christmas-dinner/lib/forge-std/src/Test.sol
DA:32,0
end_of_record

SF:/Users/sholto/Desktop/Self-lEarn-Zokyo/First-Flights/2024-12-christmas-dinner/lib/forge-std/src/Vm.sol
end_of_record

SF:/Users/sholto/Desktop/Self-lEarn-Zokyo/First-Flights/2024-12-christmas-dinner/lib/forge-std/src/console.sol
DA:4,0
end_of_record

SF:/Users/sholto/Desktop/Self-lEarn-Zokyo/First-Flights/2024-12-christmas-dinner/lib/forge-std/src/console2.sol
end_of_record

SF:/Users/sholto/Desktop/Self-lEarn-Zokyo/First-Flights/2024-12-christmas-dinner/lib/forge-std/src/interfaces/IERC165.sol
end_of_record

SF:/Users/sholto/Desktop/Self-lEarn-Zokyo/First-Flights/2024-12-christmas-dinner/lib/forge-std/src/interfaces/IERC20.sol
end_of_record

SF:/Users/sholto/Desktop/Self-lEarn-Zokyo/First-Flights/2024-12-christmas-dinner/lib/forge-std/src/interfaces/IERC721.sol
end_of_record

SF:/Users/sholto/Desktop/Self-lEarn-Zokyo/First-Flights/2024-12-christmas-dinner/lib/forge-std/src/interfaces/IMulticall3.sol
end_of_record

SF:/Users/sholto/Desktop/Self-lEarn-Zokyo/First-Flights/2024-12-christmas-dinner/lib/forge-std/src/mocks/MockERC20.sol
DA:8,0
DA:19,0
DA:20,0
DA:23,0
DA:24,0
DA:27,0
DA:28,0
DA:41,0
DA:42,0
DA:45,0
DA:46,0
DA:49,0
DA:50,0
DA:61,0
DA:72,0
DA:73,0
DA:75,0
DA:76,0
DA:77,0
DA:79,0
DA:80,0
DA:82,0
DA:89,0
DA:90,0
DA:92,0
DA:94,0
DA:97,0
DA:98,0
DA:99,0
DA:101,0
DA:106,0
DA:107,0
DA:109,0
DA:111,0
DA:112,0
DA:114,0
DA:116,0
DA:123,0
DA:126,0
DA:127,0
DA:129,0
DA:130,0
DA:131,0
DA:133,0
DA:134,0
DA:135,0
DA:136,0
DA:139,0
DA:140,0
DA:141,0
DA:142,0
DA:153,0
DA:155,0
DA:157,0
DA:160,0
DA:161,0
DA:164,0
DA:165,0
DA:166,0
DA:167,0
DA:168,0
DA:169,0
DA:170,0
DA:171,0
DA:198,0
DA:199,0
DA:200,0
DA:204,0
DA:205,0
DA:206,0
DA:217,0
DA:220,0
DA:226,0
DA:227,0
DA:232,0
end_of_record

SF:/Users/sholto/Desktop/Self-lEarn-Zokyo/First-Flights/2024-12-christmas-dinner/lib/forge-std/src/mocks/MockERC721.sol
DA:8,0
DA:17,0
DA:18,0
DA:21,0
DA:22,0
DA:25,0
DA:35,0
DA:36,0
DA:39,0
DA:40,0
DA:42,0
DA:53,0
DA:54,0
DA:57,0
DA:58,0
DA:70,0
DA:71,0
DA:73,0
DA:74,0
DA:76,0
DA:83,0
DA:84,0
DA:86,0
DA:88,0
DA:90,0
DA:93,0
DA:94,0
DA:96,0
DA:99,0
DA:100,0
DA:102,0
DA:104,0
DA:105,0
DA:111,0
DA:113,0
DA:115,0
DA:117,0
DA:119,0
DA:122,0
DA:123,0
DA:125,0
DA:126,0
DA:127,0
DA:128,0
DA:133,0
DA:139,0
DA:141,0
DA:142,0
DA:143,0
DA:144,0
DA:153,0
DA:154,0
DA:155,0
DA:156,0
DA:226,0
DA:229,0
end_of_record

SF:/Users/sholto/Desktop/Self-lEarn-Zokyo/First-Flights/2024-12-christmas-dinner/lib/forge-std/src/safeconsole.sol
DA:6,0
end_of_record

SF:/Users/sholto/Desktop/Self-lEarn-Zokyo/First-Flights/2024-12-christmas-dinner/node_modules/@openzeppelin/contracts/interfaces/IERC1363.sol
end_of_record

SF:/Users/sholto/Desktop/Self-lEarn-Zokyo/First-Flights/2024-12-christmas-dinner/node_modules/@openzeppelin/contracts/interfaces/IERC165.sol
end_of_record

SF:/Users/sholto/Desktop/Self-lEarn-Zokyo/First-Flights/2024-12-christmas-dinner/node_modules/@openzeppelin/contracts/interfaces/IERC20.sol
end_of_record

SF:/Users/sholto/Desktop/Self-lEarn-Zokyo/First-Flights/2024-12-christmas-dinner/node_modules/@openzeppelin/contracts/interfaces/draft-IERC6093.sol
end_of_record

SF:/Users/sholto/Desktop/Self-lEarn-Zokyo/First-Flights/2024-12-christmas-dinner/node_modules/@openzeppelin/contracts/mocks/token/ERC20Mock.sol
DA:6,62
DA:7,7
DA:9,16
DA:10,6
DA:13,0
DA:14,0
end_of_record

SF:/Users/sholto/Desktop/Self-lEarn-Zokyo/First-Flights/2024-12-christmas-dinner/node_modules/@openzeppelin/contracts/token/ERC20/ERC20.sol
DA:45,34
DA:46,10
DA:47,8
DA:53,8
DA:54,0
DA:61,0
DA:62,0
DA:78,0
DA:79,0
DA:85,0
DA:86,0
DA:92,0
DA:93,0
DA:104,0
DA:106,0
DA:113,0
DA:114,25
DA:127,22
DA:129,6
DA:130,4
DA:149,14
DA:151,6
DA:152,7
DA:153,2
DA:166,1
DA:167,5
DA:168,0
DA:170,5
DA:171,0
DA:173,6
DA:183,5
DA:184,9
DA:186,15
DA:188,14
DA:189,7
DA:190,0
DA:194,19
DA:198,6
DA:201,0
DA:206,19
DA:210,18
DA:221,1
DA:222,5
DA:223,0
DA:225,6
DA:236,0
DA:237,0
DA:238,0
DA:240,0
DA:258,5
DA:259,8
DA:280,6
DA:281,5
DA:282,0
DA:284,5
DA:285,0
DA:287,28
DA:288,4
DA:289,18
DA:301,6
DA:302,1
DA:303,5
DA:304,7
DA:305,15
DA:308,10
end_of_record

SF:/Users/sholto/Desktop/Self-lEarn-Zokyo/First-Flights/2024-12-christmas-dinner/node_modules/@openzeppelin/contracts/token/ERC20/IERC20.sol
end_of_record

SF:/Users/sholto/Desktop/Self-lEarn-Zokyo/First-Flights/2024-12-christmas-dinner/node_modules/@openzeppelin/contracts/token/ERC20/extensions/IERC20Metadata.sol
end_of_record

SF:/Users/sholto/Desktop/Self-lEarn-Zokyo/First-Flights/2024-12-christmas-dinner/node_modules/@openzeppelin/contracts/token/ERC20/utils/SafeERC20.sol
DA:18,0
DA:33,0
DA:34,35
DA:41,6
DA:42,16
DA:159,1
DA:160,1
DA:161,1
DA:163,11
DA:165,4
DA:166,2
DA:167,4
DA:168,3
DA:170,2
DA:171,2
DA:174,14
DA:175,0
end_of_record

SF:/Users/sholto/Desktop/Self-lEarn-Zokyo/First-Flights/2024-12-christmas-dinner/node_modules/@openzeppelin/contracts/utils/Context.sol
DA:18,4
end_of_record

SF:/Users/sholto/Desktop/Self-lEarn-Zokyo/First-Flights/2024-12-christmas-dinner/node_modules/@openzeppelin/contracts/utils/introspection/IERC165.sol
end_of_record

SF:/Users/sholto/Desktop/Self-lEarn-Zokyo/First-Flights/2024-12-christmas-dinner/src/ChristmasDinner.sol
DA:8,155
DA:32,0
DA:33,0
DA:34,0
DA:40,0
DA:41,0
DA:42,7
DA:43,3
DA:49,27
DA:50,9
DA:51,7
DA:52,20
DA:53,7
DA:54,13
DA:55,8
DA:56,16
DA:64,8
DA:65,0
DA:71,8
DA:72,13
DA:78,0
DA:80,0
DA:92,19
DA:93,2
DA:99,17
DA:100,26
DA:115,23
DA:116,18
DA:117,0
DA:119,18
DA:120,38
DA:121,10
DA:122,11
DA:124,22
DA:125,29
DA:126,10
DA:127,16
DA:137,0
DA:138,0
DA:139,0
DA:140,0
DA:141,0
DA:148,13
DA:149,19
DA:150,16
DA:151,1
DA:152,0
DA:154,0
DA:156,26
DA:167,19
DA:168,18
DA:169,0
DA:171,13
DA:172,5
DA:180,21
DA:181,9
DA:182,0
DA:184,16
DA:185,7
DA:194,0
DA:195,0
DA:197,0
DA:198,0
DA:199,0
DA:207,0
DA:208,0
DA:220,0
DA:221,0
DA:222,0
DA:223,0
DA:224,0
DA:225,0
DA:226,0
DA:234,0
DA:235,0
DA:236,0
DA:237,0
end_of_record

SF:/Users/sholto/Desktop/Self-lEarn-Zokyo/First-Flights/2024-12-christmas-dinner/src/Echidna.sol
DA:16,68
DA:18,1
DA:19,10
DA:25,1
DA:27,1
DA:28,9
DA:29,10
DA:30,9
DA:32,7
DA:34,36
DA:35,36
DA:36,32
DA:37,40
DA:38,50
DA:39,40
DA:40,41
DA:41,51
DA:43,8
DA:53,6
DA:54,45
DA:56,54
DA:57,70
DA:58,49
DA:59,67
DA:62,9
DA:63,45
DA:64,54
DA:65,49
DA:66,70
DA:68,11
DA:71,2
DA:73,46
DA:74,46
DA:75,46
DA:76,45
DA:77,65
DA:78,65
DA:79,65
DA:80,45
DA:82,46
DA:83,46
DA:84,46
DA:85,45
DA:86,65
DA:87,65
DA:88,65
DA:89,45
DA:91,46
DA:92,46
DA:93,46
DA:94,45
DA:95,65
DA:96,65
DA:97,65
DA:98,49
end_of_record

SF:/Users/sholto/Desktop/Self-lEarn-Zokyo/First-Flights/2024-12-christmas-dinner/test/ChristmasDinnerTest.t.sol
DA:9,0
DA:15,0
DA:16,0
DA:21,0
DA:22,0
DA:23,0
DA:24,0
DA:25,0
DA:26,0
DA:27,0
DA:28,0
DA:29,0
DA:30,0
DA:38,0
DA:39,0
DA:40,0
DA:44,0
DA:45,0
DA:46,0
DA:47,0
DA:52,0
DA:53,0
DA:54,0
DA:55,0
DA:56,0
DA:57,0
DA:58,0
DA:59,0
DA:60,0
DA:61,0
DA:64,0
DA:65,0
DA:66,0
DA:67,0
DA:68,0
DA:69,0
DA:70,0
DA:71,0
DA:72,0
DA:73,0
DA:74,0
DA:77,0
DA:78,0
DA:79,0
DA:80,0
DA:81,0
DA:82,0
DA:83,0
DA:84,0
DA:85,0
DA:86,0
DA:87,0
DA:88,0
DA:92,0
DA:93,0
DA:94,0
DA:95,0
DA:96,0
DA:97,0
DA:98,0
DA:101,0
DA:102,0
DA:103,0
DA:104,0
DA:105,0
DA:106,0
DA:107,0
DA:108,0
DA:113,0
DA:114,0
DA:115,0
DA:116,0
DA:117,0
DA:118,0
DA:122,0
DA:123,0
DA:124,0
DA:125,0
DA:126,0
DA:127,0
DA:128,0
DA:131,0
DA:132,0
DA:133,0
DA:134,0
DA:135,0
DA:139,0
DA:140,0
DA:141,0
DA:142,0
DA:143,0
DA:144,0
DA:145,0
DA:146,0
DA:149,0
DA:150,0
DA:151,0
DA:152,0
DA:153,0
DA:154,0
DA:157,0
DA:158,0
DA:159,0
DA:160,0
DA:161,0
DA:162,0
DA:163,0
DA:164,0
DA:172,0
DA:173,0
DA:174,0
DA:175,0
DA:176,0
DA:179,0
DA:180,0
DA:186,0
DA:187,0
DA:188,0
DA:189,0
DA:190,0
DA:191,0
DA:192,0
DA:193,0
DA:194,0
DA:198,0
DA:199,0
DA:200,0
DA:201,0
DA:202,0
DA:203,0
DA:204,0
DA:208,0
DA:209,0
DA:212,0
DA:213,0
DA:214,0
DA:215,0
DA:216,0
DA:217,0
DA:218,0
DA:219,0
DA:220,0
DA:221,0
DA:222,0
DA:223,0
DA:224,0
DA:225,0
DA:226,0
DA:227,0
DA:228,0
DA:229,0
DA:236,0
DA:237,0
DA:238,0
DA:239,0
DA:240,0
DA:241,0
DA:242,0
DA:243,0
DA:244,0
DA:245,0
DA:246,0
DA:247,0
DA:248,0
DA:249,0
DA:250,0
DA:251,0
DA:252,0
DA:253,0
DA:254,0
DA:255,0
DA:256,0
DA:257,0
DA:258,0
DA:259,0
DA:260,0
DA:261,0
DA:262,0
DA:263,0
DA:267,0
DA:268,0
DA:269,0
DA:271,0
DA:272,0
DA:274,0
DA:275,0
DA:278,0
DA:279,0
DA:285,0
DA:286,0
DA:287,0
DA:289,0
DA:290,0
DA:292,0
DA:293,0
DA:296,0
end_of_record

